<?xml version="1.0" encoding="UTF-8"?>
<!-- Generated by org.testng.reporters.JUnitReportReporter -->
<testsuite hostname="GOPIKA" failures="0" tests="2" name="Package1.ContactTest" time="0.015" errors="0" timestamp="2024-08-14T13:24:06 IST" skipped="0">
  <testcase classname="Package1.ContactTest" name="modifycontactTest" time="0.004"/>
  <system-out/>
  <testcase classname="Package1.ContactTest" name="createcontactTest" time="0.011"/>
  <system-out/>
</testsuite> <!-- Package1.ContactTest -->
