<?xml version="1.0" encoding="UTF-8"?>
<!-- Generated by org.testng.reporters.JUnitReportReporter -->
<testsuite hostname="GOPIKA" failures="0" tests="2" name="Package1.ContactTest" time="0.006" errors="0" timestamp="2024-08-16T15:52:39 IST" skipped="0">
  <testcase classname="Package1.ContactTest" name="modifycontactTest" time="0.001"/>
  <system-out/>
  <testcase classname="Package1.ContactTest" name="createcontactTest" time="0.005"/>
  <system-out/>
</testsuite> <!-- Package1.ContactTest -->
