<?xml version="1.0" encoding="UTF-8"?>
<!-- Generated by org.testng.reporters.JUnitReportReporter -->
<testsuite hostname="GOPIKA" failures="0" tests="2" name="Package2.OrgTest" time="0.000" errors="0" timestamp="2024-08-16T15:08:59 IST" skipped="0">
  <testcase classname="Package2.OrgTest" name="createOrgTest" time="0.000"/>
  <system-out/>
  <testcase classname="Package2.OrgTest" name="modifyOrgTest" time="0.000"/>
  <system-out/>
</testsuite> <!-- Package2.OrgTest -->
